Change Component Comment : Designator=R4 Old Comment=10K New Comment=1k
Added Component: Designator=C1(C1812_L)
Add component (AddParameter): Name = "BOM??"; Value = "???????"; VariantName = "[No Variations]"
Add component (AddParameter): Name = "?????V2024.2.3 @????:????"; Value = "??????https://item.taobao.com/item.htm?id=566775463719"; VariantName = "[No Variations]"
Add component (AddParameter): Name = "???????? ????????"; Value = "???????? ??????"; VariantName = "[No Variations]"
Added Component: Designator=C2(C1812_L)
Add component (AddParameter): Name = "BOM??"; Value = "???????"; VariantName = "[No Variations]"
Add component (AddParameter): Name = "?????V2024.2.3 @????:????"; Value = "??????https://item.taobao.com/item.htm?id=566775463719"; VariantName = "[No Variations]"
Add component (AddParameter): Name = "???????? ????????"; Value = "???????? ??????"; VariantName = "[No Variations]"
Added Component: Designator=C3(C1812_L)
Add component (AddParameter): Name = "BOM??"; Value = "???????"; VariantName = "[No Variations]"
Add component (AddParameter): Name = "?????V2024.2.3 @????:????"; Value = "??????https://item.taobao.com/item.htm?id=566775463719"; VariantName = "[No Variations]"
Add component (AddParameter): Name = "???????? ????????"; Value = "???????? ??????"; VariantName = "[No Variations]"
Added Component: Designator=C4(C1812_L)
Add component (AddParameter): Name = "BOM??"; Value = "???????"; VariantName = "[No Variations]"
Add component (AddParameter): Name = "?????V2024.2.3 @????:????"; Value = "??????https://item.taobao.com/item.htm?id=566775463719"; VariantName = "[No Variations]"
Add component (AddParameter): Name = "???????? ????????"; Value = "???????? ??????"; VariantName = "[No Variations]"
Added Component: Designator=CE(CE-3.5*8)
Add component (AddParameter): Name = "BOM??"; Value = "??????"; VariantName = "[No Variations]"
Add component (AddParameter): Name = "???????? ????????"; Value = "???????? ??????"; VariantName = "[No Variations]"
Added Component: Designator=DZ(DO-41)
Add component (AddParameter): Name = "BOM??"; Value = "12V/1W???"; VariantName = "[No Variations]"
Add component (AddParameter): Name = "?????V2024.2.3 @????:????"; Value = "??????https://item.taobao.com/item.htm?id=566775463719"; VariantName = "[No Variations]"
Added Component: Designator=L?(AL0204)
Add component (AddParameter): Name = "BOM??"; Value = "????"; VariantName = "[No Variations]"
Add component (AddParameter): Name = "?????V2024.2.3 @????:????"; Value = "??????https://item.taobao.com/item.htm?id=566775463719"; VariantName = "[No Variations]"
Added Component: Designator=Q?(TO247A)
Add component (AddParameter): Name = "BOM??"; Value = "???N?????"; VariantName = "[No Variations]"
Add component (AddParameter): Name = "?????V2024.2.3 @????:????"; Value = "??????https://item.taobao.com/item.htm?id=566775463719"; VariantName = "[No Variations]"
Add component (AddParameter): Name = "???????? ????????"; Value = "???????? ??????"; VariantName = "[No Variations]"
Added Component: Designator=R1(R1210_M)
Add component (AddParameter): Name = "BOM??"; Value = "????"; VariantName = "[No Variations]"
Add component (AddParameter): Name = "???????? ????????"; Value = "???????? ??????"; VariantName = "[No Variations]"
Added Component: Designator=R2(R1210_M)
Add component (AddParameter): Name = "BOM??"; Value = "????"; VariantName = "[No Variations]"
Add component (AddParameter): Name = "???????? ????????"; Value = "???????? ??????"; VariantName = "[No Variations]"
Added Component: Designator=RP?(3296W)
Add component (AddParameter): Name = "BOM??"; Value = "?????"; VariantName = "[No Variations]"
Add component (AddParameter): Name = "???????? ????????"; Value = "???????? ??????"; VariantName = "[No Variations]"
Added Pin To Net: NetName=NetC1_1 Pin=C1-1
Added Pin To Net: NetName=NetC1_1 Pin=C2-1
Added Pin To Net: NetName=NetC1_1 Pin=CE-2
Added Pin To Net: NetName=NetC1_1 Pin=DZ-1
Added Pin To Net: NetName=NetC1_1 Pin=Q?-3
Added Pin To Net: NetName=NetC1_1 Pin=RP?-3
Added Net: Name=NetC1_1
Added Pin To Net: NetName=NetC1_2 Pin=C1-2
Added Pin To Net: NetName=NetC1_2 Pin=C2-2
Added Pin To Net: NetName=NetC1_2 Pin=C3-1
Added Pin To Net: NetName=NetC1_2 Pin=C4-1
Added Pin To Net: NetName=NetC1_2 Pin=Q?-1
Added Pin To Net: NetName=NetC1_2 Pin=R1-1
Added Net: Name=NetC1_2
Added Pin To Net: NetName=NetCE_1 Pin=CE-1
Added Pin To Net: NetName=NetCE_1 Pin=L?-2
Added Pin To Net: NetName=NetCE_1 Pin=R2-2
Added Net: Name=NetCE_1
Added Pin To Net: NetName=NetDZ_2 Pin=DZ-2
Added Pin To Net: NetName=NetDZ_2 Pin=R2-1
Added Pin To Net: NetName=NetDZ_2 Pin=RP?-1
Added Net: Name=NetDZ_2
Added Pin To Net: NetName=NetR1_2 Pin=R1-2
Added Pin To Net: NetName=NetR1_2 Pin=RP?-2
Added Net: Name=NetR1_2
Added Class: Name=PLASMA2
